[2026-03-01 06:07:12] ERROR: Database Query Error: SQLSTATE[42S22]: Column not found: 1054 Unknown column 'type' in 'where clause'
[2026-03-01 06:07:39] ERROR: Database Query Error: SQLSTATE[42S22]: Column not found: 1054 Unknown column 'type' in 'where clause'
[2026-03-01 06:12:08] ERROR: Database Query Error: SQLSTATE[42S22]: Column not found: 1054 Unknown column 'type' in 'where clause'
[2026-03-01 06:12:32] ERROR: Database Query Error: SQLSTATE[42S22]: Column not found: 1054 Unknown column 'type' in 'where clause'
[2026-03-01 06:14:50] ERROR: Database Query Error: SQLSTATE[42S22]: Column not found: 1054 Unknown column 'type' in 'where clause'
[2026-03-01 06:24:25] ERROR: Database Query Error: SQLSTATE[42S22]: Column not found: 1054 Unknown column 'type' in 'where clause'
[2026-03-01 06:25:32] ERROR: Database Query Error: SQLSTATE[42S22]: Column not found: 1054 Unknown column 'type' in 'where clause'
[2026-03-01 06:25:33] ERROR: Database Query Error: SQLSTATE[42S22]: Column not found: 1054 Unknown column 'type' in 'where clause'
[2026-03-01 06:25:33] ERROR: Database Query Error: SQLSTATE[42S22]: Column not found: 1054 Unknown column 'type' in 'where clause'
[2026-03-01 06:25:34] ERROR: Database Query Error: SQLSTATE[42S22]: Column not found: 1054 Unknown column 'type' in 'where clause'
[2026-03-01 06:25:34] ERROR: Database Query Error: SQLSTATE[42S22]: Column not found: 1054 Unknown column 'type' in 'where clause'
[2026-03-01 06:25:53] ERROR: Database Query Error: SQLSTATE[42S22]: Column not found: 1054 Unknown column 'type' in 'where clause'
[2026-03-01 06:29:14] ERROR: Database Query Error: SQLSTATE[42S22]: Column not found: 1054 Unknown column 'type' in 'where clause'
[2026-03-01 06:32:39] ERROR: Database Query Error: SQLSTATE[42S22]: Column not found: 1054 Unknown column 'type' in 'where clause'
[2026-03-01 06:33:04] ERROR: Database Query Error: SQLSTATE[42S22]: Column not found: 1054 Unknown column 'type' in 'where clause'
[2026-03-01 08:16:19] ERROR: Database Query Error: SQLSTATE[42S22]: Column not found: 1054 Unknown column 'type' in 'where clause'
[2026-03-01 08:16:26] ERROR: Database Query Error: SQLSTATE[42S22]: Column not found: 1054 Unknown column 'type' in 'where clause'
[2026-03-01 08:18:34] ERROR: Database Query Error: SQLSTATE[42S22]: Column not found: 1054 Unknown column 'type' in 'where clause'
[2026-03-01 08:18:34] ERROR: Database Query Error: SQLSTATE[42S02]: Base table or view not found: 1146 Table 'gembok_simple2.devices_cache' doesn't exist
[2026-03-01 08:20:59] ERROR: Database Query Error: SQLSTATE[42S22]: Column not found: 1054 Unknown column 'type' in 'where clause'
[2026-03-01 08:20:59] ERROR: Database Query Error: SQLSTATE[42S22]: Column not found: 1054 Unknown column 'type' in 'where clause'
[2026-03-01 08:23:50] ERROR: Database Query Error: SQLSTATE[42S22]: Column not found: 1054 Unknown column 'type' in 'where clause'
[2026-03-01 08:23:50] ERROR: Database Query Error: SQLSTATE[42S22]: Column not found: 1054 Unknown column 'type' in 'where clause'
[2026-03-01 08:25:28] ERROR: Database Query Error: SQLSTATE[42S22]: Column not found: 1054 Unknown column 'type' in 'where clause'
[2026-03-01 08:25:28] ERROR: Database Query Error: SQLSTATE[42S22]: Column not found: 1054 Unknown column 'type' in 'where clause'
[2026-03-01 08:31:50] ERROR: Database Query Error: SQLSTATE[42S22]: Column not found: 1054 Unknown column 'type' in 'where clause'
[2026-03-01 08:31:50] ERROR: Database Query Error: SQLSTATE[42S22]: Column not found: 1054 Unknown column 'type' in 'where clause'
[2026-03-01 08:35:09] ERROR: Database Query Error: SQLSTATE[42S22]: Column not found: 1054 Unknown column 'type' in 'where clause'
[2026-03-01 08:35:09] ERROR: Database Query Error: SQLSTATE[42S22]: Column not found: 1054 Unknown column 'type' in 'where clause'
[2026-03-01 08:49:31] ERROR: Database Query Error: SQLSTATE[42S22]: Column not found: 1054 Unknown column 'type' in 'where clause'
[2026-03-01 08:49:31] ERROR: Database Query Error: SQLSTATE[42S22]: Column not found: 1054 Unknown column 'type' in 'where clause'
[2026-03-01 08:49:51] ERROR: Database Query Error: SQLSTATE[42S22]: Column not found: 1054 Unknown column 'type' in 'where clause'
[2026-03-01 08:49:51] ERROR: Database Query Error: SQLSTATE[42S22]: Column not found: 1054 Unknown column 'type' in 'where clause'
[2026-03-01 09:19:35] ERROR: Database Query Error: SQLSTATE[42S22]: Column not found: 1054 Unknown column 'type' in 'where clause'
[2026-03-01 09:19:35] ERROR: Database Query Error: SQLSTATE[42S22]: Column not found: 1054 Unknown column 'type' in 'where clause'
[2026-03-01 09:26:54] ERROR: Database Query Error: SQLSTATE[42S22]: Column not found: 1054 Unknown column 'type' in 'where clause'
[2026-03-01 09:26:54] ERROR: Database Query Error: SQLSTATE[42S22]: Column not found: 1054 Unknown column 'type' in 'where clause'
[2026-03-01 09:27:27] ERROR: Database Query Error: SQLSTATE[42S22]: Column not found: 1054 Unknown column 'type' in 'where clause'
[2026-03-01 09:27:27] ERROR: Database Query Error: SQLSTATE[42S22]: Column not found: 1054 Unknown column 'type' in 'where clause'
[2026-03-01 09:29:04] ERROR: Database Query Error: SQLSTATE[42S22]: Column not found: 1054 Unknown column 'type' in 'where clause'
[2026-03-01 09:29:04] ERROR: Database Query Error: SQLSTATE[42S22]: Column not found: 1054 Unknown column 'type' in 'where clause'
[2026-03-01 09:31:07] ERROR: Database Query Error: SQLSTATE[42S22]: Column not found: 1054 Unknown column 'type' in 'where clause'
[2026-03-01 09:31:07] ERROR: Database Query Error: SQLSTATE[42S22]: Column not found: 1054 Unknown column 'type' in 'where clause'
[2026-03-01 10:54:08] ERROR: Database Query Error: SQLSTATE[42S22]: Column not found: 1054 Unknown column 'type' in 'where clause'
[2026-03-01 10:54:08] ERROR: Database Query Error: SQLSTATE[42S22]: Column not found: 1054 Unknown column 'type' in 'where clause'
[2026-03-01 10:57:29] ERROR: Database Query Error: SQLSTATE[42S22]: Column not found: 1054 Unknown column 'type' in 'where clause'
[2026-03-01 10:57:29] ERROR: Database Query Error: SQLSTATE[42S22]: Column not found: 1054 Unknown column 'type' in 'where clause'
[2026-03-01 10:57:56] ERROR: Database Query Error: SQLSTATE[42S22]: Column not found: 1054 Unknown column 'type' in 'where clause'
[2026-03-01 10:57:56] ERROR: Database Query Error: SQLSTATE[42S22]: Column not found: 1054 Unknown column 'type' in 'where clause'
[2026-03-01 11:00:20] ERROR: Database Query Error: SQLSTATE[42S22]: Column not found: 1054 Unknown column 'type' in 'where clause'
[2026-03-01 11:00:20] ERROR: Database Query Error: SQLSTATE[42S22]: Column not found: 1054 Unknown column 'type' in 'where clause'
[2026-03-01 11:04:05] ERROR: Database Query Error: SQLSTATE[42S22]: Column not found: 1054 Unknown column 'type' in 'where clause'
[2026-03-01 11:04:05] ERROR: Database Query Error: SQLSTATE[42S22]: Column not found: 1054 Unknown column 'type' in 'where clause'
[2026-03-01 11:04:07] ERROR: Database Query Error: SQLSTATE[42S22]: Column not found: 1054 Unknown column 'type' in 'where clause'
[2026-03-01 11:04:07] ERROR: Database Query Error: SQLSTATE[42S22]: Column not found: 1054 Unknown column 'type' in 'where clause'
[2026-03-01 11:04:14] ERROR: Database Query Error: SQLSTATE[42S22]: Column not found: 1054 Unknown column 'serial_number' in 'where clause'
[2026-03-01 11:08:14] ERROR: Database Query Error: SQLSTATE[42S22]: Column not found: 1054 Unknown column 'type' in 'where clause'
[2026-03-01 11:08:14] ERROR: Database Query Error: SQLSTATE[42S22]: Column not found: 1054 Unknown column 'type' in 'where clause'
[2026-03-01 11:14:18] ERROR: Database Query Error: SQLSTATE[42S22]: Column not found: 1054 Unknown column 'type' in 'where clause'
[2026-03-01 11:14:18] ERROR: Database Query Error: SQLSTATE[42S22]: Column not found: 1054 Unknown column 'type' in 'where clause'
[2026-03-01 11:16:24] ERROR: Database Query Error: SQLSTATE[42S22]: Column not found: 1054 Unknown column 'type' in 'where clause'
[2026-03-01 11:16:24] ERROR: Database Query Error: SQLSTATE[42S22]: Column not found: 1054 Unknown column 'type' in 'where clause'
[2026-03-01 11:16:45] ERROR: Database Query Error: SQLSTATE[42S22]: Column not found: 1054 Unknown column 'type' in 'where clause'
[2026-03-01 11:16:45] ERROR: Database Query Error: SQLSTATE[42S22]: Column not found: 1054 Unknown column 'type' in 'where clause'
[2026-03-01 21:42:52] ERROR: Database Query Error: SQLSTATE[42S22]: Column not found: 1054 Unknown column 'type' in 'where clause'
[2026-03-01 21:42:52] ERROR: Database Query Error: SQLSTATE[42S22]: Column not found: 1054 Unknown column 'type' in 'where clause'
[2026-03-01 21:43:22] ERROR: Database Query Error: SQLSTATE[42S22]: Column not found: 1054 Unknown column 'serial_number' in 'where clause'
[2026-03-01 21:43:46] ERROR: Database Query Error: SQLSTATE[42S22]: Column not found: 1054 Unknown column 'type' in 'where clause'
[2026-03-01 21:43:46] ERROR: Database Query Error: SQLSTATE[42S22]: Column not found: 1054 Unknown column 'type' in 'where clause'
[2026-03-01 21:43:59] ERROR: Database Query Error: SQLSTATE[42S22]: Column not found: 1054 Unknown column 'serial_number' in 'where clause'
[2026-03-02 04:35:03] ERROR: Database Query Error: SQLSTATE[42S22]: Column not found: 1054 Unknown column 'type' in 'where clause'
[2026-03-02 04:35:03] ERROR: Database Query Error: SQLSTATE[42S22]: Column not found: 1054 Unknown column 'type' in 'where clause'
[2026-03-02 04:35:15] ERROR: Database Query Error: SQLSTATE[42S22]: Column not found: 1054 Unknown column 'serial_number' in 'where clause'
[2026-03-30 17:34:42] ERROR: Database Query Error: SQLSTATE[42S22]: Column not found: 1054 Unknown column 'usage_bytes_in' in 'field list'
[2026-03-31 19:37:50] ERROR: Database Query Error: SQLSTATE[42S02]: Base table or view not found: 1146 Table 'nolanet_db.tasks' doesn't exist
[2026-04-02 10:03:48] ERROR: Database Query Error: SQLSTATE[42S22]: Column not found: 1054 Unknown column 'usage_bytes_in' in 'field list'
[2026-04-02 10:15:10] ERROR: Insert Error: SQLSTATE[23000]: Integrity constraint violation: 1062 Duplicate entry 'TNTMUHHALIMTEMBA' for key 'pppoe_username'
[2026-04-02 10:16:13] ERROR: Insert Error: SQLSTATE[23000]: Integrity constraint violation: 1062 Duplicate entry 'TNTMUHHALIMTEMBA' for key 'pppoe_username'
[2026-04-02 10:17:49] ERROR: Insert Error: SQLSTATE[23000]: Integrity constraint violation: 1062 Duplicate entry 'TNTMUHHALIMTEMBA' for key 'pppoe_username'
[2026-04-02 10:26:21] ERROR: Insert Error: SQLSTATE[23000]: Integrity constraint violation: 1062 Duplicate entry 'TNTARDIANSYAH' for key 'pppoe_username'
[2026-04-02 12:46:41] ERROR: Insert Error: SQLSTATE[23000]: Integrity constraint violation: 1062 Duplicate entry 'TNTANSARTUO' for key 'pppoe_username'
[2026-04-02 12:56:26] ERROR: Insert Error: SQLSTATE[23000]: Integrity constraint violation: 1062 Duplicate entry 'TNTTAKDIR' for key 'pppoe_username'
[2026-04-02 12:58:03] ERROR: Insert Error: SQLSTATE[23000]: Integrity constraint violation: 1062 Duplicate entry 'TNTDARWINAAME' for key 'pppoe_username'
[2026-04-04 06:49:29] ERROR: Database Query Error: SQLSTATE[42S22]: Column not found: 1054 Unknown column 'usage_bytes_in' in 'field list'
[2026-04-06 13:32:49] ERROR: Database Query Error: SQLSTATE[42S22]: Column not found: 1054 Unknown column 'usage_bytes_in' in 'field list'
[2026-04-06 13:34:10] ERROR: Database Query Error: SQLSTATE[42S02]: Base table or view not found: 1146 Table 'nolanet_db.tasks' doesn't exist
[2026-04-11 12:47:25] ERROR: Database Query Error: SQLSTATE[42S02]: Base table or view not found: 1146 Table 'nolanet_db.tasks' doesn't exist
[2026-04-16 16:43:43] ERROR: Database Query Error: SQLSTATE[42S22]: Column not found: 1054 Unknown column 'usage_bytes_in' in 'field list'
[2026-04-20 10:34:11] ERROR: Database Query Error: SQLSTATE[42S02]: Base table or view not found: 1146 Table 'nolanet_db.tasks' doesn't exist
[2026-04-21 07:14:01] ERROR: Database Query Error: SQLSTATE[42S22]: Column not found: 1054 Unknown column 'usage_bytes_in' in 'field list'
[2026-04-24 13:23:08] ERROR: Database Query Error: SQLSTATE[42S02]: Base table or view not found: 1146 Table 'nolanet_db.tasks' doesn't exist
[2026-05-02 18:52:39] ERROR: Database Query Error: SQLSTATE[42S22]: Column not found: 1054 Unknown column 'usage_bytes_in' in 'field list'
[2026-05-03 14:39:13] ERROR: Database Query Error: SQLSTATE[42S22]: Column not found: 1054 Unknown column 'type' in 'where clause'
[2026-05-03 14:39:13] ERROR: Database Query Error: SQLSTATE[42S22]: Column not found: 1054 Unknown column 'type' in 'where clause'
[2026-05-04 23:03:08] ERROR: Database Query Error: SQLSTATE[42S22]: Column not found: 1054 Unknown column 'usage_bytes_in' in 'field list'
[2026-05-07 17:41:48] ERROR: Database Query Error: SQLSTATE[42S22]: Column not found: 1054 Unknown column 'usage_bytes_in' in 'field list'
[2026-05-09 00:42:41] ERROR: Database Query Error: SQLSTATE[42S22]: Column not found: 1054 Unknown column 'type' in 'where clause'
[2026-05-09 00:42:41] ERROR: Database Query Error: SQLSTATE[42S22]: Column not found: 1054 Unknown column 'type' in 'where clause'
[2026-05-09 00:42:47] ERROR: Database Query Error: SQLSTATE[42S22]: Column not found: 1054 Unknown column 'type' in 'where clause'
[2026-05-09 00:42:47] ERROR: Database Query Error: SQLSTATE[42S22]: Column not found: 1054 Unknown column 'type' in 'where clause'
[2026-05-09 00:43:05] ERROR: Database Query Error: SQLSTATE[23000]: Integrity constraint violation: 1052 Column 'status' in where clause is ambiguous
[2026-05-09 00:43:13] ERROR: Database Query Error: SQLSTATE[23000]: Integrity constraint violation: 1052 Column 'status' in where clause is ambiguous
[2026-05-09 00:43:14] ERROR: Database Query Error: SQLSTATE[23000]: Integrity constraint violation: 1052 Column 'status' in where clause is ambiguous
[2026-05-09 00:43:15] ERROR: Database Query Error: SQLSTATE[23000]: Integrity constraint violation: 1052 Column 'status' in where clause is ambiguous
[2026-05-09 00:43:16] ERROR: Database Query Error: SQLSTATE[23000]: Integrity constraint violation: 1052 Column 'status' in where clause is ambiguous
[2026-05-09 00:43:22] ERROR: Database Query Error: SQLSTATE[42S22]: Column not found: 1054 Unknown column 'type' in 'where clause'
[2026-05-09 00:43:22] ERROR: Database Query Error: SQLSTATE[42S22]: Column not found: 1054 Unknown column 'type' in 'where clause'
[2026-05-09 00:44:47] ERROR: Database Query Error: SQLSTATE[42S22]: Column not found: 1054 Unknown column 'type' in 'where clause'
[2026-05-09 00:44:47] ERROR: Database Query Error: SQLSTATE[42S22]: Column not found: 1054 Unknown column 'type' in 'where clause'
[2026-05-09 00:45:04] ERROR: Database Query Error: SQLSTATE[23000]: Integrity constraint violation: 1052 Column 'status' in where clause is ambiguous
[2026-05-09 00:45:06] ERROR: Database Query Error: SQLSTATE[23000]: Integrity constraint violation: 1052 Column 'status' in where clause is ambiguous
[2026-05-09 00:45:59] ERROR: Database Query Error: SQLSTATE[42S22]: Column not found: 1054 Unknown column 'type' in 'where clause'
[2026-05-09 00:45:59] ERROR: Database Query Error: SQLSTATE[42S22]: Column not found: 1054 Unknown column 'type' in 'where clause'
[2026-05-09 00:46:32] ERROR: Database Query Error: SQLSTATE[42S22]: Column not found: 1054 Unknown column 'type' in 'where clause'
[2026-05-09 00:46:32] ERROR: Database Query Error: SQLSTATE[42S22]: Column not found: 1054 Unknown column 'type' in 'where clause'
[2026-05-09 00:46:51] ERROR: Database Query Error: SQLSTATE[23000]: Integrity constraint violation: 1052 Column 'status' in where clause is ambiguous
[2026-05-09 00:46:52] ERROR: Database Query Error: SQLSTATE[23000]: Integrity constraint violation: 1052 Column 'status' in where clause is ambiguous
[2026-05-09 00:46:52] ERROR: Database Query Error: SQLSTATE[23000]: Integrity constraint violation: 1052 Column 'status' in where clause is ambiguous
[2026-05-09 00:47:02] ERROR: Database Query Error: SQLSTATE[42S22]: Column not found: 1054 Unknown column 'type' in 'where clause'
[2026-05-09 00:47:02] ERROR: Database Query Error: SQLSTATE[42S22]: Column not found: 1054 Unknown column 'type' in 'where clause'
[2026-05-09 00:47:21] ERROR: Database Query Error: SQLSTATE[42S22]: Column not found: 1054 Unknown column 'type' in 'where clause'
[2026-05-09 00:47:21] ERROR: Database Query Error: SQLSTATE[42S22]: Column not found: 1054 Unknown column 'type' in 'where clause'
[2026-05-09 00:48:14] ERROR: Database Query Error: SQLSTATE[42S22]: Column not found: 1054 Unknown column 'type' in 'where clause'
[2026-05-09 00:48:14] ERROR: Database Query Error: SQLSTATE[42S22]: Column not found: 1054 Unknown column 'type' in 'where clause'
[2026-05-09 00:48:25] ERROR: Database Query Error: SQLSTATE[42S22]: Column not found: 1054 Unknown column 'type' in 'where clause'
[2026-05-09 00:48:25] ERROR: Database Query Error: SQLSTATE[42S22]: Column not found: 1054 Unknown column 'type' in 'where clause'
[2026-05-09 00:48:39] ERROR: Database Query Error: SQLSTATE[23000]: Integrity constraint violation: 1052 Column 'status' in where clause is ambiguous
[2026-05-09 00:48:40] ERROR: Database Query Error: SQLSTATE[23000]: Integrity constraint violation: 1052 Column 'status' in where clause is ambiguous
[2026-05-09 01:15:18] ERROR: Database Query Error: SQLSTATE[42S22]: Column not found: 1054 Unknown column 'type' in 'where clause'
[2026-05-09 01:15:18] ERROR: Database Query Error: SQLSTATE[42S22]: Column not found: 1054 Unknown column 'type' in 'where clause'
[2026-05-09 01:49:30] ERROR: Database Query Error: SQLSTATE[23000]: Integrity constraint violation: 1052 Column 'status' in where clause is ambiguous
[2026-05-09 01:49:32] ERROR: Database Query Error: SQLSTATE[23000]: Integrity constraint violation: 1052 Column 'status' in where clause is ambiguous
[2026-05-09 01:50:21] ERROR: Database Query Error: SQLSTATE[42S22]: Column not found: 1054 Unknown column 'type' in 'where clause'
[2026-05-09 01:50:21] ERROR: Database Query Error: SQLSTATE[42S22]: Column not found: 1054 Unknown column 'type' in 'where clause'
[2026-05-10 15:23:03] ERROR: Database Query Error: SQLSTATE[42S22]: Column not found: 1054 Unknown column 'type' in 'where clause'
[2026-05-10 15:23:03] ERROR: Database Query Error: SQLSTATE[42S22]: Column not found: 1054 Unknown column 'type' in 'where clause'
[2026-05-10 15:23:40] ERROR: Database Query Error: SQLSTATE[42S22]: Column not found: 1054 Unknown column 'type' in 'where clause'
[2026-05-10 15:23:40] ERROR: Database Query Error: SQLSTATE[42S22]: Column not found: 1054 Unknown column 'type' in 'where clause'
[2026-05-10 15:23:44] ERROR: Database Query Error: SQLSTATE[42S22]: Column not found: 1054 Unknown column 'type' in 'where clause'
[2026-05-10 15:23:44] ERROR: Database Query Error: SQLSTATE[42S22]: Column not found: 1054 Unknown column 'type' in 'where clause'
[2026-05-14 19:27:59] ERROR: Database Query Error: SQLSTATE[42S22]: Column not found: 1054 Unknown column 'type' in 'where clause'
[2026-05-14 19:27:59] ERROR: Database Query Error: SQLSTATE[42S22]: Column not found: 1054 Unknown column 'type' in 'where clause'
[2026-05-14 19:32:19] ERROR: Database Query Error: SQLSTATE[42S22]: Column not found: 1054 Unknown column 'type' in 'where clause'
[2026-05-14 19:32:19] ERROR: Database Query Error: SQLSTATE[42S22]: Column not found: 1054 Unknown column 'type' in 'where clause'
